<?xml version="1.0" encoding="UTF-8"?>
<!-- Generated by org.testng.reporters.JUnitReportReporter -->
<testsuite hostname="xetmacsheetals.xebiaindia.local" name="demo.SeGridTest" tests="6" failures="0" timestamp="23 Sep 2016 11:16:13 GMT" time="92.873" errors="0">
  <testcase name="testBmiCalculator3" time="15.182" classname="demo.SeGridTest"/>
  <testcase name="testBmiCalculator3" time="15.666" classname="demo.SeGridTest"/>
  <testcase name="testBmiCalculator1" time="15.341" classname="demo.SeGridTest"/>
  <testcase name="testBmiCalculator2" time="15.290" classname="demo.SeGridTest"/>
  <testcase name="testBmiCalculator2" time="15.205" classname="demo.SeGridTest"/>
  <testcase name="testBmiCalculator1" time="16.189" classname="demo.SeGridTest"/>
</testsuite> <!-- demo.SeGridTest -->
