<?xml version="1.0" encoding="UTF-8"?>
<!-- Generated by org.testng.reporters.JUnitReportReporter -->
<testsuite hostname="xetmacsheetals.xebiaindia.local" name="demo.SampleTestCase" tests="1" failures="0" timestamp="6 Oct 2016 11:42:16 GMT" time="4.726" errors="0">
  <testcase name="sampeTest" time="4.726" classname="demo.SampleTestCase"/>
</testsuite> <!-- demo.SampleTestCase -->
